2021-09-30T16:33:16.889+0300 [DEBUG] [org.gradle.launcher.daemon.bootstrap.DaemonMain] Assuming the daemon was started with following jvm opts: [--add-opens, java.base/java.util=ALL-UNNAMED, --add-opens, java.base/java.lang=ALL-UNNAMED, --add-opens, java.base/java.lang.invoke=ALL-UNNAMED, --add-opens, java.prefs/java.util.prefs=ALL-UNNAMED, -XX:MaxMetaspaceSize=256m, -XX:+HeapDumpOnOutOfMemoryError, -Xms256m, -Xmx512m, -Dfile.encoding=UTF-8, -Duser.country=GB, -Duser.language=en, -Duser.variant]
2021-09-30T16:33:16.980+0300 [INFO] [org.gradle.launcher.daemon.server.Daemon] start() called on daemon - DefaultDaemonContext[uid=c1e43b37-f83b-4284-95f9-f8cfc40be0c7,javaHome=/usr/lib/jvm/java-11-openjdk-amd64,daemonRegistryDir=/home/andlaura/Documents/LabraTira/LaurasBossPuzzle/LaurasBozzPuzzle/radle-version/daemon,pid=58622,idleTimeout=10800000,priority=NORMAL,daemonOpts=--add-opens,java.base/java.util=ALL-UNNAMED,--add-opens,java.base/java.lang=ALL-UNNAMED,--add-opens,java.base/java.lang.invoke=ALL-UNNAMED,--add-opens,java.prefs/java.util.prefs=ALL-UNNAMED,-XX:MaxMetaspaceSize=256m,-XX:+HeapDumpOnOutOfMemoryError,-Xms256m,-Xmx512m,-Dfile.encoding=UTF-8,-Duser.country=GB,-Duser.language=en,-Duser.variant]
2021-09-30T16:33:16.993+0300 [DEBUG] [org.gradle.internal.remote.internal.inet.InetAddresses] Adding IP addresses for network interface wlp0s20f3
2021-09-30T16:33:16.994+0300 [DEBUG] [org.gradle.internal.remote.internal.inet.InetAddresses] Is this a loopback interface? false
2021-09-30T16:33:16.994+0300 [DEBUG] [org.gradle.internal.remote.internal.inet.InetAddresses] Adding remote address /2001:14ba:1f5:7000:d593:79f7:3fd9:ca74%wlp0s20f3
2021-09-30T16:33:16.994+0300 [DEBUG] [org.gradle.internal.remote.internal.inet.InetAddresses] Adding remote address /fe80:0:0:0:b8d7:2be5:54d0:98e3%wlp0s20f3
2021-09-30T16:33:16.994+0300 [DEBUG] [org.gradle.internal.remote.internal.inet.InetAddresses] Adding remote address /2001:14ba:1f5:7000:27d1:6ba2:b89c:fe9c%wlp0s20f3
2021-09-30T16:33:16.996+0300 [DEBUG] [org.gradle.internal.remote.internal.inet.InetAddresses] Adding remote address /2001:14ba:1f5:7000:0:0:0:5%wlp0s20f3
2021-09-30T16:33:16.996+0300 [DEBUG] [org.gradle.internal.remote.internal.inet.InetAddresses] Adding remote address /192.168.1.106
2021-09-30T16:33:16.996+0300 [DEBUG] [org.gradle.internal.remote.internal.inet.InetAddresses] Adding IP addresses for network interface lo
2021-09-30T16:33:16.996+0300 [DEBUG] [org.gradle.internal.remote.internal.inet.InetAddresses] Is this a loopback interface? true
2021-09-30T16:33:16.997+0300 [DEBUG] [org.gradle.internal.remote.internal.inet.InetAddresses] Adding loopback address /0:0:0:0:0:0:0:1%lo
2021-09-30T16:33:16.997+0300 [DEBUG] [org.gradle.internal.remote.internal.inet.InetAddresses] Adding loopback address /127.0.0.1
2021-09-30T16:33:16.998+0300 [DEBUG] [org.gradle.internal.remote.internal.inet.TcpIncomingConnector] Listening on [53d93279-1a26-4344-ba31-427f359f49fc port:44265, addresses:[localhost/127.0.0.1]].
2021-09-30T16:33:17.003+0300 [DEBUG] [org.gradle.launcher.daemon.server.Daemon] Daemon starting at: Thu Sep 30 16:33:17 EEST 2021, with address: [53d93279-1a26-4344-ba31-427f359f49fc port:44265, addresses:[localhost/127.0.0.1]]
2021-09-30T16:33:17.004+0300 [INFO] [org.gradle.launcher.daemon.server.DaemonRegistryUpdater] Advertising the daemon address to the clients: [53d93279-1a26-4344-ba31-427f359f49fc port:44265, addresses:[localhost/127.0.0.1]]
2021-09-30T16:33:17.004+0300 [DEBUG] [org.gradle.launcher.daemon.server.DaemonRegistryUpdater] Advertised daemon context: DefaultDaemonContext[uid=c1e43b37-f83b-4284-95f9-f8cfc40be0c7,javaHome=/usr/lib/jvm/java-11-openjdk-amd64,daemonRegistryDir=/home/andlaura/Documents/LabraTira/LaurasBossPuzzle/LaurasBozzPuzzle/radle-version/daemon,pid=58622,idleTimeout=10800000,priority=NORMAL,daemonOpts=--add-opens,java.base/java.util=ALL-UNNAMED,--add-opens,java.base/java.lang=ALL-UNNAMED,--add-opens,java.base/java.lang.invoke=ALL-UNNAMED,--add-opens,java.prefs/java.util.prefs=ALL-UNNAMED,-XX:MaxMetaspaceSize=256m,-XX:+HeapDumpOnOutOfMemoryError,-Xms256m,-Xmx512m,-Dfile.encoding=UTF-8,-Duser.country=GB,-Duser.language=en,-Duser.variant]
2021-09-30T16:33:17.005+0300 [DEBUG] [org.gradle.launcher.daemon.registry.PersistentDaemonRegistry] Storing daemon address: [53d93279-1a26-4344-ba31-427f359f49fc port:44265, addresses:[localhost/127.0.0.1]], context: DefaultDaemonContext[uid=c1e43b37-f83b-4284-95f9-f8cfc40be0c7,javaHome=/usr/lib/jvm/java-11-openjdk-amd64,daemonRegistryDir=/home/andlaura/Documents/LabraTira/LaurasBossPuzzle/LaurasBozzPuzzle/radle-version/daemon,pid=58622,idleTimeout=10800000,priority=NORMAL,daemonOpts=--add-opens,java.base/java.util=ALL-UNNAMED,--add-opens,java.base/java.lang=ALL-UNNAMED,--add-opens,java.base/java.lang.invoke=ALL-UNNAMED,--add-opens,java.prefs/java.util.prefs=ALL-UNNAMED,-XX:MaxMetaspaceSize=256m,-XX:+HeapDumpOnOutOfMemoryError,-Xms256m,-Xmx512m,-Dfile.encoding=UTF-8,-Duser.country=GB,-Duser.language=en,-Duser.variant]
2021-09-30T16:33:17.009+0300 [DEBUG] [org.gradle.cache.internal.DefaultFileLockManager] Waiting to acquire exclusive lock on daemon addresses registry.
2021-09-30T16:33:17.010+0300 [DEBUG] [org.gradle.cache.internal.DefaultFileLockManager] Lock acquired on daemon addresses registry.
2021-09-30T16:33:17.013+0300 [DEBUG] [org.gradle.cache.internal.DefaultFileLockManager] Releasing lock on daemon addresses registry.
2021-09-30T16:33:17.013+0300 [LIFECYCLE] [org.gradle.launcher.daemon.server.Daemon] Daemon server started.
2021-09-30T16:33:17.014+0300 [DEBUG] [org.gradle.launcher.daemon.bootstrap.DaemonStartupCommunication] Completed writing the daemon greeting. Closing streams...
2021-09-30T16:33:17.017+0300 [DEBUG] [org.gradle.launcher.daemon.server.Daemon] stopOnExpiration() called on daemon
2021-09-30T16:33:17.018+0300 [DEBUG] [org.gradle.launcher.daemon.server.Daemon] awaitExpiration() called on daemon
2021-09-30T16:33:17.018+0300 [DEBUG] [org.gradle.launcher.daemon.server.DaemonStateCoordinator] daemon is running. Sleeping until state changes.
2021-09-30T16:33:17.024+0300 [DEBUG] [org.gradle.internal.remote.internal.inet.TcpIncomingConnector] Accepted connection from /127.0.0.1:56016 to /127.0.0.1:44265.
2021-09-30T16:33:17.041+0300 [DEBUG] [org.gradle.launcher.daemon.server.SynchronizedDispatchConnection] thread 19: received class org.gradle.launcher.daemon.protocol.Build
2021-09-30T16:33:17.041+0300 [DEBUG] [org.gradle.launcher.daemon.server.DefaultDaemonConnection] thread 19: Received non-IO message from client: Build{id=bff337b5-f5f6-4fb7-a590-d1d0090656f2, currentDir=/home/andlaura/Documents/LabraTira/LaurasBossPuzzle/LaurasBozzPuzzle}
2021-09-30T16:33:17.041+0300 [INFO] [org.gradle.launcher.daemon.server.DefaultIncomingConnectionHandler] Received command: Build{id=bff337b5-f5f6-4fb7-a590-d1d0090656f2, currentDir=/home/andlaura/Documents/LabraTira/LaurasBossPuzzle/LaurasBozzPuzzle}.
2021-09-30T16:33:17.042+0300 [DEBUG] [org.gradle.launcher.daemon.server.DefaultIncomingConnectionHandler] Starting executing command: Build{id=bff337b5-f5f6-4fb7-a590-d1d0090656f2, currentDir=/home/andlaura/Documents/LabraTira/LaurasBossPuzzle/LaurasBozzPuzzle} with connection: socket connection from /127.0.0.1:44265 to /127.0.0.1:56016.
2021-09-30T16:33:17.044+0300 [ERROR] [org.gradle.launcher.daemon.server.DaemonStateCoordinator] Command execution: started DaemonCommandExecution[command = Build{id=bff337b5-f5f6-4fb7-a590-d1d0090656f2, currentDir=/home/andlaura/Documents/LabraTira/LaurasBossPuzzle/LaurasBozzPuzzle}, connection = DefaultDaemonConnection: socket connection from /127.0.0.1:44265 to /127.0.0.1:56016] after 0.0 minutes of idle
2021-09-30T16:33:17.044+0300 [INFO] [org.gradle.launcher.daemon.server.DaemonRegistryUpdater] Marking the daemon as busy, address: [53d93279-1a26-4344-ba31-427f359f49fc port:44265, addresses:[localhost/127.0.0.1]]
2021-09-30T16:33:17.045+0300 [DEBUG] [org.gradle.launcher.daemon.registry.PersistentDaemonRegistry] Marking busy by address: [53d93279-1a26-4344-ba31-427f359f49fc port:44265, addresses:[localhost/127.0.0.1]]
2021-09-30T16:33:17.045+0300 [DEBUG] [org.gradle.cache.internal.DefaultFileLockManager] Waiting to acquire exclusive lock on daemon addresses registry.
2021-09-30T16:33:17.046+0300 [DEBUG] [org.gradle.cache.internal.DefaultFileLockManager] Lock acquired on daemon addresses registry.
2021-09-30T16:33:17.046+0300 [DEBUG] [org.gradle.cache.internal.DefaultFileLockManager] Releasing lock on daemon addresses registry.
2021-09-30T16:33:17.047+0300 [DEBUG] [org.gradle.launcher.daemon.server.DaemonStateCoordinator] resetting idle timer
2021-09-30T16:33:17.047+0300 [DEBUG] [org.gradle.launcher.daemon.server.DaemonStateCoordinator] daemon is running. Sleeping until state changes.
2021-09-30T16:33:17.048+0300 [INFO] [org.gradle.launcher.daemon.server.exec.StartBuildOrRespondWithBusy] Daemon is about to start building Build{id=bff337b5-f5f6-4fb7-a590-d1d0090656f2, currentDir=/home/andlaura/Documents/LabraTira/LaurasBossPuzzle/LaurasBozzPuzzle}. Dispatching build started information...
2021-09-30T16:33:17.048+0300 [DEBUG] [org.gradle.launcher.daemon.server.SynchronizedDispatchConnection] thread 21: dispatching org.gradle.launcher.daemon.protocol.BuildStarted@5f5d9b41
2021-09-30T16:33:17.049+0300 [DEBUG] [org.gradle.launcher.daemon.server.exec.EstablishBuildEnvironment] Configuring env variables: [PATH, XAUTHORITY, INVOCATION_ID, SDKMAN_VERSION, XMODIFIERS, XDG_DATA_DIRS, GDMSESSION, MANDATORY_PATH, HYADMAIL, TERMINATOR_DBUS_PATH, DBUS_SESSION_BUS_ADDRESS, DEFAULTS_PATH, PGHOST, XDG_CURRENT_DESKTOP, JOURNAL_STREAM, SSH_AGENT_PID, COLORTERM, LD_LIBRARY_PATH, SDKMAN_DIR, SESSION_MANAGER, USERNAME, LOGNAME, PWD, MANAGERPID, IM_CONFIG_PHASE, LANGUAGE, SHELL, LESSOPEN, SDKMAN_CANDIDATES_API, GTK2_MODULES, OLDPWD, PGDATA, GNOME_DESKTOP_SESSION_ID, GTK_MODULES, LS_COLORS, XDG_SESSION_DESKTOP, SHLVL, LESSCLOSE, QT_IM_MODULE, TERM, XDG_CONFIG_DIRS, LANG, XDG_SESSION_TYPE, GRADLE_HOME, DISPLAY, SDKMAN_CANDIDATES_DIR, XDG_SESSION_CLASS, _, GTK3_MODULES, UBUNTU_MENUPROXY, GPG_AGENT_INFO, TERMINATOR_DBUS_NAME, DESKTOP_SESSION, SDKMAN_PLATFORM, USER, XDG_MENU_PREFIX, GIO_LAUNCHED_DESKTOP_FILE_PID, VTE_VERSION, QT_ACCESSIBILITY, WINDOWPATH, TERMINATOR_UUID, SSH_AUTH_SOCK, HYADHOME, GNOME_SHELL_SESSION_MODE, XDG_RUNTIME_DIR, HOME]
2021-09-30T16:33:17.053+0300 [DEBUG] [org.gradle.launcher.daemon.server.exec.LogToClient] About to start relaying all logs to the client via the connection.
2021-09-30T16:33:17.053+0300 [INFO] [org.gradle.launcher.daemon.server.exec.LogToClient] The client will now receive all logging from the daemon (pid: 58622). The daemon log file: /home/andlaura/Documents/LabraTira/LaurasBossPuzzle/LaurasBozzPuzzle/radle-version/daemon/6.7/daemon-58622.out.log
2021-09-30T16:33:17.055+0300 [INFO] [org.gradle.launcher.daemon.server.exec.LogAndCheckHealth] Starting build in new daemon [memory: 536.9 MB]
2021-09-30T16:33:17.059+0300 [DEBUG] [org.gradle.launcher.daemon.server.exec.ExecuteBuild] The daemon has started executing the build.
2021-09-30T16:33:17.059+0300 [DEBUG] [org.gradle.launcher.daemon.server.exec.ExecuteBuild] Executing build with daemon context: DefaultDaemonContext[uid=c1e43b37-f83b-4284-95f9-f8cfc40be0c7,javaHome=/usr/lib/jvm/java-11-openjdk-amd64,daemonRegistryDir=/home/andlaura/Documents/LabraTira/LaurasBossPuzzle/LaurasBozzPuzzle/radle-version/daemon,pid=58622,idleTimeout=10800000,priority=NORMAL,daemonOpts=--add-opens,java.base/java.util=ALL-UNNAMED,--add-opens,java.base/java.lang=ALL-UNNAMED,--add-opens,java.base/java.lang.invoke=ALL-UNNAMED,--add-opens,java.prefs/java.util.prefs=ALL-UNNAMED,-XX:MaxMetaspaceSize=256m,-XX:+HeapDumpOnOutOfMemoryError,-Xms256m,-Xmx512m,-Dfile.encoding=UTF-8,-Duser.country=GB,-Duser.language=en,-Duser.variant]

FAILURE: Build failed with an exception.

* What went wrong:
Task '5.1.1' not found in root project 'LaurasBozzPuzzle'.

* Try:
Run gradle tasks to get a list of available tasks. Run with --stacktrace option to get the stack trace. Run with --info or --debug option to get more log output. Run with --scan to get full insights.

* Get more help at https://help.gradle.org

BUILD FAILED in 3s
2021-09-30T16:33:19.560+0300 [DEBUG] [org.gradle.launcher.daemon.server.exec.ExecuteBuild] The daemon has finished executing the build.
2021-09-30T16:33:19.571+0300 [DEBUG] [org.gradle.launcher.daemon.server.DaemonStateCoordinator] daemon is running. Sleeping until state changes.
2021-09-30T16:33:19.572+0300 [DEBUG] [org.gradle.launcher.daemon.server.DaemonStateCoordinator] Command execution: finished waiting for DaemonCommandExecution[command = Build{id=bff337b5-f5f6-4fb7-a590-d1d0090656f2, currentDir=/home/andlaura/Documents/LabraTira/LaurasBossPuzzle/LaurasBozzPuzzle}, connection = DefaultDaemonConnection: socket connection from /127.0.0.1:44265 to /127.0.0.1:56016]. Result org.gradle.launcher.daemon.server.DaemonStateCoordinator@1449cff3 with state Busy
2021-09-30T16:33:19.572+0300 [DEBUG] [org.gradle.launcher.daemon.server.DaemonStateCoordinator] Command execution: completed DaemonCommandExecution[command = Build{id=bff337b5-f5f6-4fb7-a590-d1d0090656f2, currentDir=/home/andlaura/Documents/LabraTira/LaurasBossPuzzle/LaurasBozzPuzzle}, connection = DefaultDaemonConnection: socket connection from /127.0.0.1:44265 to /127.0.0.1:56016]
2021-09-30T16:33:19.572+0300 [DEBUG] [org.gradle.launcher.daemon.server.DaemonStateCoordinator] resetting idle timer
2021-09-30T16:33:19.573+0300 [INFO] [org.gradle.launcher.daemon.server.DaemonRegistryUpdater] Marking the daemon as idle, address: [53d93279-1a26-4344-ba31-427f359f49fc port:44265, addresses:[localhost/127.0.0.1]]
2021-09-30T16:33:19.573+0300 [DEBUG] [org.gradle.launcher.daemon.registry.PersistentDaemonRegistry] Marking busy by address: [53d93279-1a26-4344-ba31-427f359f49fc port:44265, addresses:[localhost/127.0.0.1]]
2021-09-30T16:33:19.573+0300 [DEBUG] [org.gradle.cache.internal.DefaultFileLockManager] Waiting to acquire exclusive lock on daemon addresses registry.
2021-09-30T16:33:19.573+0300 [DEBUG] [org.gradle.cache.internal.DefaultFileLockManager] Lock acquired on daemon addresses registry.
2021-09-30T16:33:19.574+0300 [DEBUG] [org.gradle.cache.internal.DefaultFileLockManager] Releasing lock on daemon addresses registry.
2021-09-30T16:33:19.574+0300 [DEBUG] [org.gradle.launcher.daemon.server.DaemonStateCoordinator] daemon is running. Sleeping until state changes.
2021-09-30T16:33:19.575+0300 [DEBUG] [org.gradle.launcher.daemon.server.exec.ReturnResult] Daemon is dispatching the build result: Success[value=org.gradle.launcher.exec.BuildActionResult@7b6dbd89]
2021-09-30T16:33:19.575+0300 [DEBUG] [org.gradle.launcher.daemon.server.SynchronizedDispatchConnection] thread 18: dispatching Success[value=org.gradle.launcher.exec.BuildActionResult@7b6dbd89]
2021-09-30T16:33:19.590+0300 [DEBUG] [org.gradle.launcher.daemon.server.DefaultIncomingConnectionHandler] Finishing executing command: Build{id=bff337b5-f5f6-4fb7-a590-d1d0090656f2, currentDir=/home/andlaura/Documents/LabraTira/LaurasBossPuzzle/LaurasBozzPuzzle}
2021-09-30T16:33:19.622+0300 [DEBUG] [org.gradle.launcher.daemon.server.SynchronizedDispatchConnection] thread 19: received class org.gradle.launcher.daemon.protocol.CloseInput
2021-09-30T16:33:19.623+0300 [DEBUG] [org.gradle.launcher.daemon.server.DefaultDaemonConnection] thread 19: Received IO message from client: org.gradle.launcher.daemon.protocol.CloseInput@52b86ef9
2021-09-30T16:33:19.623+0300 [DEBUG] [org.gradle.launcher.daemon.server.SynchronizedDispatchConnection] thread 19: received class org.gradle.launcher.daemon.protocol.Finished
2021-09-30T16:33:19.623+0300 [DEBUG] [org.gradle.launcher.daemon.server.DefaultDaemonConnection] thread 19: Received non-IO message from client: org.gradle.launcher.daemon.protocol.Finished@324ae589
2021-09-30T16:33:19.623+0300 [DEBUG] [org.gradle.launcher.daemon.server.DefaultIncomingConnectionHandler] Received finished message: org.gradle.launcher.daemon.protocol.Finished@324ae589
2021-09-30T16:33:19.623+0300 [DEBUG] [org.gradle.launcher.daemon.server.SynchronizedDispatchConnection] thread 18: stopping connection
2021-09-30T16:33:19.623+0300 [DEBUG] [org.gradle.internal.remote.internal.inet.SocketConnection] Discarding EOFException: java.io.EOFException
2021-09-30T16:33:19.624+0300 [DEBUG] [org.gradle.launcher.daemon.server.SynchronizedDispatchConnection] thread 19: received null
2021-09-30T16:33:19.624+0300 [DEBUG] [org.gradle.launcher.daemon.server.DefaultDaemonConnection] thread 19: Received end-of-input from client.
2021-09-30T16:33:19.625+0300 [DEBUG] [org.gradle.launcher.daemon.server.SynchronizedDispatchConnection] thread 18: stopping connection
2021-09-30T16:33:27.021+0300 [DEBUG] [org.gradle.cache.internal.DefaultFileLockManager] Waiting to acquire shared lock on daemon addresses registry.
2021-09-30T16:33:27.022+0300 [DEBUG] [org.gradle.cache.internal.DefaultFileLockManager] Lock acquired on daemon addresses registry.
2021-09-30T16:33:27.023+0300 [DEBUG] [org.gradle.cache.internal.DefaultFileLockManager] Releasing lock on daemon addresses registry.
2021-09-30T16:33:27.024+0300 [DEBUG] [org.gradle.cache.internal.DefaultFileLockManager] Waiting to acquire shared lock on daemon addresses registry.
2021-09-30T16:33:27.024+0300 [DEBUG] [org.gradle.cache.internal.DefaultFileLockManager] Lock acquired on daemon addresses registry.
2021-09-30T16:33:27.024+0300 [DEBUG] [org.gradle.cache.internal.DefaultFileLockManager] Releasing lock on daemon addresses registry.
2021-09-30T16:33:37.019+0300 [DEBUG] [org.gradle.cache.internal.DefaultFileLockManager] Waiting to acquire shared lock on daemon addresses registry.
2021-09-30T16:33:37.020+0300 [DEBUG] [org.gradle.cache.internal.DefaultFileLockManager] Lock acquired on daemon addresses registry.
2021-09-30T16:33:37.021+0300 [DEBUG] [org.gradle.cache.internal.DefaultFileLockManager] Releasing lock on daemon addresses registry.
2021-09-30T16:33:37.022+0300 [DEBUG] [org.gradle.cache.internal.DefaultFileLockManager] Waiting to acquire shared lock on daemon addresses registry.
2021-09-30T16:33:37.022+0300 [DEBUG] [org.gradle.cache.internal.DefaultFileLockManager] Lock acquired on daemon addresses registry.
2021-09-30T16:33:37.023+0300 [DEBUG] [org.gradle.cache.internal.DefaultFileLockManager] Releasing lock on daemon addresses registry.
2021-09-30T16:33:37.024+0300 [DEBUG] [org.gradle.cache.internal.DefaultFileLockManager] Waiting to acquire shared lock on daemon addresses registry.
2021-09-30T16:33:37.025+0300 [DEBUG] [org.gradle.cache.internal.DefaultFileLockManager] Lock acquired on daemon addresses registry.
2021-09-30T16:33:37.025+0300 [DEBUG] [org.gradle.cache.internal.DefaultFileLockManager] Releasing lock on daemon addresses registry.
2021-09-30T16:33:47.019+0300 [DEBUG] [org.gradle.cache.internal.DefaultFileLockManager] Waiting to acquire shared lock on daemon addresses registry.
2021-09-30T16:33:47.020+0300 [DEBUG] [org.gradle.cache.internal.DefaultFileLockManager] Lock acquired on daemon addresses registry.
2021-09-30T16:33:47.021+0300 [DEBUG] [org.gradle.cache.internal.DefaultFileLockManager] Releasing lock on daemon addresses registry.
2021-09-30T16:33:47.022+0300 [DEBUG] [org.gradle.cache.internal.DefaultFileLockManager] Waiting to acquire shared lock on daemon addresses registry.
2021-09-30T16:33:47.022+0300 [DEBUG] [org.gradle.cache.internal.DefaultFileLockManager] Lock acquired on daemon addresses registry.
2021-09-30T16:33:47.023+0300 [DEBUG] [org.gradle.cache.internal.DefaultFileLockManager] Releasing lock on daemon addresses registry.
2021-09-30T16:33:47.024+0300 [DEBUG] [org.gradle.cache.internal.DefaultFileLockManager] Waiting to acquire shared lock on daemon addresses registry.
2021-09-30T16:33:47.024+0300 [DEBUG] [org.gradle.cache.internal.DefaultFileLockManager] Lock acquired on daemon addresses registry.
2021-09-30T16:33:47.025+0300 [DEBUG] [org.gradle.cache.internal.DefaultFileLockManager] Releasing lock on daemon addresses registry.
2021-09-30T16:33:57.019+0300 [DEBUG] [org.gradle.cache.internal.DefaultFileLockManager] Waiting to acquire shared lock on daemon addresses registry.
2021-09-30T16:33:57.020+0300 [DEBUG] [org.gradle.cache.internal.DefaultFileLockManager] Lock acquired on daemon addresses registry.
2021-09-30T16:33:57.021+0300 [DEBUG] [org.gradle.cache.internal.DefaultFileLockManager] Releasing lock on daemon addresses registry.
2021-09-30T16:33:57.021+0300 [DEBUG] [org.gradle.cache.internal.DefaultFileLockManager] Waiting to acquire shared lock on daemon addresses registry.
2021-09-30T16:33:57.022+0300 [DEBUG] [org.gradle.cache.internal.DefaultFileLockManager] Lock acquired on daemon addresses registry.
2021-09-30T16:33:57.023+0300 [DEBUG] [org.gradle.cache.internal.DefaultFileLockManager] Releasing lock on daemon addresses registry.
2021-09-30T16:33:57.023+0300 [DEBUG] [org.gradle.cache.internal.DefaultFileLockManager] Waiting to acquire shared lock on daemon addresses registry.
2021-09-30T16:33:57.024+0300 [DEBUG] [org.gradle.cache.internal.DefaultFileLockManager] Lock acquired on daemon addresses registry.
2021-09-30T16:33:57.024+0300 [DEBUG] [org.gradle.cache.internal.DefaultFileLockManager] Releasing lock on daemon addresses registry.
2021-09-30T16:34:07.020+0300 [DEBUG] [org.gradle.cache.internal.DefaultFileLockManager] Waiting to acquire shared lock on daemon addresses registry.
2021-09-30T16:34:07.021+0300 [DEBUG] [org.gradle.cache.internal.DefaultFileLockManager] Lock acquired on daemon addresses registry.
2021-09-30T16:34:07.021+0300 [DEBUG] [org.gradle.cache.internal.DefaultFileLockManager] Releasing lock on daemon addresses registry.
2021-09-30T16:34:07.022+0300 [DEBUG] [org.gradle.cache.internal.DefaultFileLockManager] Waiting to acquire shared lock on daemon addresses registry.
2021-09-30T16:34:07.023+0300 [DEBUG] [org.gradle.cache.internal.DefaultFileLockManager] Lock acquired on daemon addresses registry.
2021-09-30T16:34:07.023+0300 [DEBUG] [org.gradle.cache.internal.DefaultFileLockManager] Releasing lock on daemon addresses registry.
2021-09-30T16:34:07.024+0300 [DEBUG] [org.gradle.cache.internal.DefaultFileLockManager] Waiting to acquire shared lock on daemon addresses registry.
2021-09-30T16:34:07.024+0300 [DEBUG] [org.gradle.cache.internal.DefaultFileLockManager] Lock acquired on daemon addresses registry.
2021-09-30T16:34:07.025+0300 [DEBUG] [org.gradle.cache.internal.DefaultFileLockManager] Releasing lock on daemon addresses registry.
2021-09-30T16:34:17.020+0300 [DEBUG] [org.gradle.cache.internal.DefaultFileLockManager] Waiting to acquire shared lock on daemon addresses registry.
2021-09-30T16:34:17.020+0300 [DEBUG] [org.gradle.cache.internal.DefaultFileLockManager] Lock acquired on daemon addresses registry.
2021-09-30T16:34:17.021+0300 [DEBUG] [org.gradle.cache.internal.DefaultFileLockManager] Releasing lock on daemon addresses registry.
2021-09-30T16:34:17.022+0300 [DEBUG] [org.gradle.cache.internal.DefaultFileLockManager] Waiting to acquire shared lock on daemon addresses registry.
2021-09-30T16:34:17.022+0300 [DEBUG] [org.gradle.cache.internal.DefaultFileLockManager] Lock acquired on daemon addresses registry.
2021-09-30T16:34:17.022+0300 [DEBUG] [org.gradle.cache.internal.DefaultFileLockManager] Releasing lock on daemon addresses registry.
2021-09-30T16:34:17.023+0300 [DEBUG] [org.gradle.cache.internal.DefaultFileLockManager] Waiting to acquire shared lock on daemon addresses registry.
2021-09-30T16:34:17.023+0300 [DEBUG] [org.gradle.cache.internal.DefaultFileLockManager] Lock acquired on daemon addresses registry.
2021-09-30T16:34:17.023+0300 [DEBUG] [org.gradle.cache.internal.DefaultFileLockManager] Releasing lock on daemon addresses registry.
2021-09-30T16:34:27.019+0300 [DEBUG] [org.gradle.cache.internal.DefaultFileLockManager] Waiting to acquire shared lock on daemon addresses registry.
2021-09-30T16:34:27.020+0300 [DEBUG] [org.gradle.cache.internal.DefaultFileLockManager] Lock acquired on daemon addresses registry.
2021-09-30T16:34:27.021+0300 [DEBUG] [org.gradle.cache.internal.DefaultFileLockManager] Releasing lock on daemon addresses registry.
2021-09-30T16:34:27.021+0300 [DEBUG] [org.gradle.cache.internal.DefaultFileLockManager] Waiting to acquire shared lock on daemon addresses registry.
2021-09-30T16:34:27.021+0300 [DEBUG] [org.gradle.cache.internal.DefaultFileLockManager] Lock acquired on daemon addresses registry.
2021-09-30T16:34:27.022+0300 [DEBUG] [org.gradle.cache.internal.DefaultFileLockManager] Releasing lock on daemon addresses registry.
2021-09-30T16:34:27.022+0300 [DEBUG] [org.gradle.cache.internal.DefaultFileLockManager] Waiting to acquire shared lock on daemon addresses registry.
2021-09-30T16:34:27.022+0300 [DEBUG] [org.gradle.cache.internal.DefaultFileLockManager] Lock acquired on daemon addresses registry.
2021-09-30T16:34:27.022+0300 [DEBUG] [org.gradle.cache.internal.DefaultFileLockManager] Releasing lock on daemon addresses registry.
2021-09-30T16:34:37.019+0300 [DEBUG] [org.gradle.cache.internal.DefaultFileLockManager] Waiting to acquire shared lock on daemon addresses registry.
2021-09-30T16:34:37.019+0300 [DEBUG] [org.gradle.cache.internal.DefaultFileLockManager] Lock acquired on daemon addresses registry.
2021-09-30T16:34:37.020+0300 [DEBUG] [org.gradle.cache.internal.DefaultFileLockManager] Releasing lock on daemon addresses registry.
2021-09-30T16:34:37.021+0300 [DEBUG] [org.gradle.cache.internal.DefaultFileLockManager] Waiting to acquire shared lock on daemon addresses registry.
2021-09-30T16:34:37.022+0300 [DEBUG] [org.gradle.cache.internal.DefaultFileLockManager] Lock acquired on daemon addresses registry.
2021-09-30T16:34:37.022+0300 [DEBUG] [org.gradle.cache.internal.DefaultFileLockManager] Releasing lock on daemon addresses registry.
2021-09-30T16:34:37.023+0300 [DEBUG] [org.gradle.cache.internal.DefaultFileLockManager] Waiting to acquire shared lock on daemon addresses registry.
2021-09-30T16:34:37.024+0300 [DEBUG] [org.gradle.cache.internal.DefaultFileLockManager] Lock acquired on daemon addresses registry.
2021-09-30T16:34:37.025+0300 [DEBUG] [org.gradle.cache.internal.DefaultFileLockManager] Releasing lock on daemon addresses registry.
2021-09-30T16:34:47.019+0300 [DEBUG] [org.gradle.cache.internal.DefaultFileLockManager] Waiting to acquire shared lock on daemon addresses registry.
2021-09-30T16:34:47.020+0300 [DEBUG] [org.gradle.cache.internal.DefaultFileLockManager] Lock acquired on daemon addresses registry.
2021-09-30T16:34:47.020+0300 [DEBUG] [org.gradle.cache.internal.DefaultFileLockManager] Releasing lock on daemon addresses registry.
2021-09-30T16:34:47.021+0300 [DEBUG] [org.gradle.cache.internal.DefaultFileLockManager] Waiting to acquire shared lock on daemon addresses registry.
2021-09-30T16:34:47.022+0300 [DEBUG] [org.gradle.cache.internal.DefaultFileLockManager] Lock acquired on daemon addresses registry.
2021-09-30T16:34:47.022+0300 [DEBUG] [org.gradle.cache.internal.DefaultFileLockManager] Releasing lock on daemon addresses registry.
2021-09-30T16:34:47.023+0300 [DEBUG] [org.gradle.cache.internal.DefaultFileLockManager] Waiting to acquire shared lock on daemon addresses registry.
2021-09-30T16:34:47.024+0300 [DEBUG] [org.gradle.cache.internal.DefaultFileLockManager] Lock acquired on daemon addresses registry.
2021-09-30T16:34:47.024+0300 [DEBUG] [org.gradle.cache.internal.DefaultFileLockManager] Releasing lock on daemon addresses registry.
2021-09-30T16:34:57.019+0300 [DEBUG] [org.gradle.cache.internal.DefaultFileLockManager] Waiting to acquire shared lock on daemon addresses registry.
2021-09-30T16:34:57.020+0300 [DEBUG] [org.gradle.cache.internal.DefaultFileLockManager] Lock acquired on daemon addresses registry.
2021-09-30T16:34:57.021+0300 [DEBUG] [org.gradle.cache.internal.DefaultFileLockManager] Releasing lock on daemon addresses registry.
2021-09-30T16:34:57.022+0300 [DEBUG] [org.gradle.cache.internal.DefaultFileLockManager] Waiting to acquire shared lock on daemon addresses registry.
2021-09-30T16:34:57.022+0300 [DEBUG] [org.gradle.cache.internal.DefaultFileLockManager] Lock acquired on daemon addresses registry.
2021-09-30T16:34:57.023+0300 [DEBUG] [org.gradle.cache.internal.DefaultFileLockManager] Releasing lock on daemon addresses registry.
2021-09-30T16:34:57.024+0300 [DEBUG] [org.gradle.cache.internal.DefaultFileLockManager] Waiting to acquire shared lock on daemon addresses registry.
2021-09-30T16:34:57.024+0300 [DEBUG] [org.gradle.cache.internal.DefaultFileLockManager] Lock acquired on daemon addresses registry.
2021-09-30T16:34:57.024+0300 [DEBUG] [org.gradle.cache.internal.DefaultFileLockManager] Releasing lock on daemon addresses registry.
2021-09-30T16:35:07.019+0300 [DEBUG] [org.gradle.cache.internal.DefaultFileLockManager] Waiting to acquire shared lock on daemon addresses registry.
2021-09-30T16:35:07.020+0300 [DEBUG] [org.gradle.cache.internal.DefaultFileLockManager] Lock acquired on daemon addresses registry.
2021-09-30T16:35:07.021+0300 [DEBUG] [org.gradle.cache.internal.DefaultFileLockManager] Releasing lock on daemon addresses registry.
2021-09-30T16:35:07.022+0300 [DEBUG] [org.gradle.cache.internal.DefaultFileLockManager] Waiting to acquire shared lock on daemon addresses registry.
2021-09-30T16:35:07.022+0300 [DEBUG] [org.gradle.cache.internal.DefaultFileLockManager] Lock acquired on daemon addresses registry.
2021-09-30T16:35:07.023+0300 [DEBUG] [org.gradle.cache.internal.DefaultFileLockManager] Releasing lock on daemon addresses registry.
2021-09-30T16:35:07.024+0300 [DEBUG] [org.gradle.cache.internal.DefaultFileLockManager] Waiting to acquire shared lock on daemon addresses registry.
2021-09-30T16:35:07.024+0300 [DEBUG] [org.gradle.cache.internal.DefaultFileLockManager] Lock acquired on daemon addresses registry.
2021-09-30T16:35:07.025+0300 [DEBUG] [org.gradle.cache.internal.DefaultFileLockManager] Releasing lock on daemon addresses registry.
